2026-03-16 22:49:49,015 | ERROR | Falló la actualización diaria: HTTPSConnectionPool(host='mem.gob.gt', port=443): Max retries exceeded with url: /que-hacemos/hidrocarburos/comercializacion-downstream/precios-combustible-nacionales/ (Caused by NameResolutionError("HTTPSConnection(host='mem.gob.gt', port=443): Failed to resolve 'mem.gob.gt' ([Errno -3] Temporary failure in name resolution)"))
Traceback (most recent call last):
  File "/opt/pyvenv/lib/python3.13/site-packages/urllib3/connection.py", line 204, in _new_conn
    sock = connection.create_connection(
        (self._dns_host, self.port),
    ...<2 lines>...
        socket_options=self.socket_options,
    )
  File "/opt/pyvenv/lib/python3.13/site-packages/urllib3/util/connection.py", line 60, in create_connection
    for res in socket.getaddrinfo(host, port, family, socket.SOCK_STREAM):
               ~~~~~~~~~~~~~~~~~~^^^^^^^^^^^^^^^^^^^^^^^^^^^^^^^^^^^^^^^^
  File "/usr/lib/python3.13/socket.py", line 977, in getaddrinfo
    for res in _socket.getaddrinfo(host, port, family, type, proto, flags):
               ~~~~~~~~~~~~~~~~~~~^^^^^^^^^^^^^^^^^^^^^^^^^^^^^^^^^^^^^^^^
socket.gaierror: [Errno -3] Temporary failure in name resolution

The above exception was the direct cause of the following exception:

Traceback (most recent call last):
  File "/opt/pyvenv/lib/python3.13/site-packages/urllib3/connectionpool.py", line 787, in urlopen
    response = self._make_request(
        conn,
    ...<10 lines>...
        **response_kw,
    )
  File "/opt/pyvenv/lib/python3.13/site-packages/urllib3/connectionpool.py", line 488, in _make_request
    raise new_e
  File "/opt/pyvenv/lib/python3.13/site-packages/urllib3/connectionpool.py", line 464, in _make_request
    self._validate_conn(conn)
    ~~~~~~~~~~~~~~~~~~~^^^^^^
  File "/opt/pyvenv/lib/python3.13/site-packages/urllib3/connectionpool.py", line 1093, in _validate_conn
    conn.connect()
    ~~~~~~~~~~~~^^
  File "/opt/pyvenv/lib/python3.13/site-packages/urllib3/connection.py", line 759, in connect
    self.sock = sock = self._new_conn()
                       ~~~~~~~~~~~~~~^^
  File "/opt/pyvenv/lib/python3.13/site-packages/urllib3/connection.py", line 211, in _new_conn
    raise NameResolutionError(self.host, self, e) from e
urllib3.exceptions.NameResolutionError: HTTPSConnection(host='mem.gob.gt', port=443): Failed to resolve 'mem.gob.gt' ([Errno -3] Temporary failure in name resolution)

The above exception was the direct cause of the following exception:

Traceback (most recent call last):
  File "/opt/pyvenv/lib/python3.13/site-packages/requests/adapters.py", line 644, in send
    resp = conn.urlopen(
        method=request.method,
    ...<9 lines>...
        chunked=chunked,
    )
  File "/opt/pyvenv/lib/python3.13/site-packages/urllib3/connectionpool.py", line 841, in urlopen
    retries = retries.increment(
        method, url, error=new_e, _pool=self, _stacktrace=sys.exc_info()[2]
    )
  File "/opt/pyvenv/lib/python3.13/site-packages/urllib3/util/retry.py", line 535, in increment
    raise MaxRetryError(_pool, url, reason) from reason  # type: ignore[arg-type]
    ^^^^^^^^^^^^^^^^^^^^^^^^^^^^^^^^^^^^^^^^^^^^^^^^^^^
urllib3.exceptions.MaxRetryError: HTTPSConnectionPool(host='mem.gob.gt', port=443): Max retries exceeded with url: /que-hacemos/hidrocarburos/comercializacion-downstream/precios-combustible-nacionales/ (Caused by NameResolutionError("HTTPSConnection(host='mem.gob.gt', port=443): Failed to resolve 'mem.gob.gt' ([Errno -3] Temporary failure in name resolution)"))

During handling of the above exception, another exception occurred:

Traceback (most recent call last):
  File "/mnt/data/fuel_dashboard_gt/update_prices.py", line 24, in main
    df, source_url = scraper.run("precios_historicos.csv")
                     ~~~~~~~~~~~^^^^^^^^^^^^^^^^^^^^^^^^^^
  File "/mnt/data/fuel_dashboard_gt/scraper.py", line 209, in run
    download_url = find_daily_prices_download_url(session=session)
  File "/mnt/data/fuel_dashboard_gt/scraper.py", line 50, in find_daily_prices_download_url
    response = session.get(MEM_URL, timeout=60)
  File "/opt/pyvenv/lib/python3.13/site-packages/requests/sessions.py", line 602, in get
    return self.request("GET", url, **kwargs)
           ~~~~~~~~~~~~^^^^^^^^^^^^^^^^^^^^^^
  File "/opt/pyvenv/lib/python3.13/site-packages/requests/sessions.py", line 589, in request
    resp = self.send(prep, **send_kwargs)
  File "/opt/pyvenv/lib/python3.13/site-packages/requests/sessions.py", line 703, in send
    r = adapter.send(request, **kwargs)
  File "/opt/pyvenv/lib/python3.13/site-packages/requests/adapters.py", line 677, in send
    raise ConnectionError(e, request=request)
requests.exceptions.ConnectionError: HTTPSConnectionPool(host='mem.gob.gt', port=443): Max retries exceeded with url: /que-hacemos/hidrocarburos/comercializacion-downstream/precios-combustible-nacionales/ (Caused by NameResolutionError("HTTPSConnection(host='mem.gob.gt', port=443): Failed to resolve 'mem.gob.gt' ([Errno -3] Temporary failure in name resolution)"))
2026-03-16 23:13:07,842 | INFO | Enlace del MEM detectado: texto='Precios diarios de combustibles' | href=https://mem.gob.gt/wp-content/uploads/2026/03/PRECIOS-PROMEDIO-NACIONALES-DIARIOS-2026-03-12.xlsx
2026-03-16 23:13:08,799 | INFO | CSV histórico actualizado con 9485 filas desde https://mem.gob.gt/wp-content/uploads/2026/03/PRECIOS-PROMEDIO-NACIONALES-DIARIOS-2026-03-12.xlsx
2026-03-16 23:13:08,890 | INFO | Actualización completada. Filas: 9485 | Fuente: https://mem.gob.gt/wp-content/uploads/2026/03/PRECIOS-PROMEDIO-NACIONALES-DIARIOS-2026-03-12.xlsx
